<?xml version="1.0" encoding="UTF-8"?>
<!-- Generated by org.testng.reporters.JUnitReportReporter -->
<testsuite hostname="Nice" failures="0" tests="1" name="testClasses.CalenderPageTestClass" time="18.082" errors="0" timestamp="2025-07-16T09:18:25 IST" skipped="0">
  <testcase classname="testClasses.CalenderPageTestClass" name="verifyCalenderTitle" time="18.082"/>
</testsuite> <!-- testClasses.CalenderPageTestClass -->
