<?xml version="1.0" encoding="UTF-8"?>
<!-- Generated by org.testng.reporters.JUnitReportReporter -->
<testsuite hostname="Nice" failures="0" tests="1" name="testClasses.CalenderPageTestClass" time="9.900" errors="0" timestamp="2025-07-09T10:33:58 IST" skipped="0">
  <testcase classname="testClasses.CalenderPageTestClass" name="verifyCalenderTitle" time="9.900"/>
</testsuite> <!-- testClasses.CalenderPageTestClass -->
