<?xml version="1.0" encoding="UTF-8"?>
<!-- Generated by org.testng.reporters.JUnitReportReporter -->
<testsuite hostname="Nice" failures="0" tests="1" name="testClasses.DashboardTestClass" time="8.273" errors="0" timestamp="2025-07-10T10:29:05 IST" skipped="0">
  <testcase classname="testClasses.DashboardTestClass" name="verifySearchMenu" time="8.273"/>
</testsuite> <!-- testClasses.DashboardTestClass -->
