<?xml version="1.0" encoding="UTF-8"?>
<!-- Generated by org.testng.reporters.JUnitReportReporter -->
<testsuite hostname="Nice" failures="0" tests="1" name="testClasses.LoginPageTestClass" time="9.918" errors="0" timestamp="2025-07-10T16:17:34 IST" skipped="0">
  <testcase classname="testClasses.LoginPageTestClass" name="verifySuccessfullLogin" time="9.918"/>
</testsuite> <!-- testClasses.LoginPageTestClass -->
