<?xml version="1.0" encoding="UTF-8"?>
<!-- Generated by org.testng.reporters.JUnitReportReporter -->
<testsuite hostname="Nice" failures="0" tests="1" name="testClasses.DashboardTestClass" time="9.844" errors="0" timestamp="2025-07-13T17:27:36 IST" skipped="0">
  <testcase classname="testClasses.DashboardTestClass" name="verifyBugMenuClick" time="9.844"/>
</testsuite> <!-- testClasses.DashboardTestClass -->
