<?xml version="1.0" encoding="UTF-8"?>
<!-- Generated by org.testng.reporters.JUnitReportReporter -->
<testsuite hostname="Nice" failures="0" tests="1" name="testClasses.PromotionPageTestClass" time="11.531" errors="0" timestamp="2025-07-10T17:27:05 IST" skipped="0">
  <testcase classname="testClasses.PromotionPageTestClass" name="verifyPromotionMenuIsClickable" time="11.531"/>
</testsuite> <!-- testClasses.PromotionPageTestClass -->
