<?xml version="1.0" encoding="UTF-8"?>
<!-- Generated by org.testng.reporters.JUnitReportReporter -->
<testsuite hostname="Nice" failures="0" tests="3" name="testClasses.LoginPageTestClass" time="11.813" errors="0" timestamp="2025-07-14T09:28:59 IST" skipped="0">
  <testcase classname="testClasses.LoginPageTestClass" name="verifyUnSuccessfullLogin" time="2.313"/>
  <testcase classname="testClasses.LoginPageTestClass" name="verifyUnSuccessfullLogin" time="7.418"/>
  <testcase classname="testClasses.LoginPageTestClass" name="verifyUnSuccessfullLogin" time="2.082"/>
</testsuite> <!-- testClasses.LoginPageTestClass -->
